<?xml version="1.0" encoding="UTF-8"?>
<testng-results ignored="0" total="1" passed="1" failed="0" skipped="0">
  <reporter-output>
  </reporter-output>
  <suite started-at="2020-10-24T08:22:41 IST" name="Suite" finished-at="2020-10-24T08:22:54 IST" duration-ms="13373">
    <groups>
    </groups>
    <test started-at="2020-10-24T08:22:41 IST" name="Test" finished-at="2020-10-24T08:22:54 IST" duration-ms="13373">
      <class name="chrome.Login">
        <test-method signature="loginToLeafTaps()[pri:0, instance:chrome.Login@68e965f5]" started-at="2020-10-24T08:22:41 IST" name="loginToLeafTaps" finished-at="2020-10-24T08:22:54 IST" duration-ms="13250" status="PASS">
          <reporter-output>
          </reporter-output>
        </test-method> <!-- loginToLeafTaps -->
      </class> <!-- chrome.Login -->
    </test> <!-- Test -->
  </suite> <!-- Suite -->
</testng-results>
